2024-03-07 18:55:34.840 [http-nio-8080-exec-5] DEBUG o.s.data.mongodb.core.MongoTemplate - Inserting Document containing fields: [name, message, createdAt, _class] in collection: action_type
2024-03-07 18:55:54.665 [http-nio-8080-exec-6] DEBUG o.s.data.mongodb.core.MongoTemplate - Inserting Document containing fields: [name, message, createdAt, _class] in collection: action_type
2024-03-07 18:57:43.471 [http-nio-8080-exec-5] DEBUG o.s.data.mongodb.core.MongoTemplate - Inserting Document containing fields: [name, message, createdAt, _class] in collection: feedbacks
2024-03-07 22:00:46.196 [http-nio-8080-exec-9] DEBUG o.s.data.mongodb.core.MongoTemplate - find using query: {} fields: Document{{}} for class: class com.spring.printFlow.models.Customers in collection: customers
2024-03-07 22:00:46.196 [http-nio-8080-exec-3] DEBUG o.s.data.mongodb.core.MongoTemplate - find using query: {} fields: Document{{}} for class: class com.spring.printFlow.models.User in collection: users
2024-03-07 22:00:49.315 [http-nio-8080-exec-6] DEBUG o.s.data.mongodb.core.MongoTemplate - findOne using query: { "_id" : "65e607e9c6d36c0b76ca0c7c"} fields: Document{{}} for class: class com.spring.printFlow.models.User in collection: users
2024-03-07 22:01:10.409 [http-nio-8080-exec-4] DEBUG o.s.data.mongodb.core.MongoTemplate - findOne using query: { "_id" : "65d134da483ef102965ac469"} fields: Document{{}} for class: class com.spring.printFlow.models.Customers in collection: customers
2024-03-07 22:01:10.416 [http-nio-8080-exec-2] DEBUG o.s.data.mongodb.core.MongoTemplate - findOne using query: { "_id" : "65d134da483ef102965ac469"} fields: Document{{}} for class: class com.spring.printFlow.models.Customers in collection: customers
2024-03-07 22:01:10.446 [http-nio-8080-exec-8] DEBUG o.s.data.mongodb.core.MongoTemplate - find using query: { "cusRefId" : "3433"} fields: Document{{}} for class: class com.spring.printFlow.models.File in collection: files
2024-03-07 22:01:10.463 [http-nio-8080-exec-10] DEBUG o.s.data.mongodb.core.MongoTemplate - find using query: { "cusRefId" : "3433"} fields: Document{{}} for class: class com.spring.printFlow.models.File in collection: files
2024-03-07 22:01:13.756 [http-nio-8080-exec-6] DEBUG o.s.data.mongodb.core.MongoTemplate - find using query: {} fields: Document{{}} for class: class com.spring.printFlow.models.Customers in collection: customers
2024-03-07 22:01:13.759 [http-nio-8080-exec-5] DEBUG o.s.data.mongodb.core.MongoTemplate - find using query: {} fields: Document{{}} for class: class com.spring.printFlow.models.User in collection: users
2024-03-07 22:01:18.016 [http-nio-8080-exec-6] DEBUG o.s.data.mongodb.core.MongoTemplate - findOne using query: { "_id" : "65e36dcc5061977c84328abf"} fields: Document{{}} for class: class com.spring.printFlow.models.Customers in collection: customers
2024-03-07 22:01:18.023 [http-nio-8080-exec-5] DEBUG o.s.data.mongodb.core.MongoTemplate - findOne using query: { "_id" : "65e36dcc5061977c84328abf"} fields: Document{{}} for class: class com.spring.printFlow.models.Customers in collection: customers
2024-03-07 22:01:18.025 [http-nio-8080-exec-9] DEBUG o.s.data.mongodb.core.MongoTemplate - find using query: { "cusRefId" : "JFzxjhiT75LJDTR3pAnJ"} fields: Document{{}} for class: class com.spring.printFlow.models.File in collection: files
2024-03-07 22:01:18.052 [http-nio-8080-exec-3] DEBUG o.s.data.mongodb.core.MongoTemplate - find using query: { "cusRefId" : "JFzxjhiT75LJDTR3pAnJ"} fields: Document{{}} for class: class com.spring.printFlow.models.File in collection: files
2024-03-07 22:03:38.211 [http-nio-8080-exec-2] DEBUG o.s.data.mongodb.core.MongoTemplate - find using query: {} fields: Document{{}} for class: class com.spring.printFlow.models.Customers in collection: customers
2024-03-07 22:03:38.218 [http-nio-8080-exec-4] DEBUG o.s.data.mongodb.core.MongoTemplate - find using query: {} fields: Document{{}} for class: class com.spring.printFlow.models.User in collection: users
2024-03-07 22:03:40.683 [http-nio-8080-exec-2] DEBUG o.s.data.mongodb.core.MongoTemplate - findOne using query: { "_id" : "65e36dcc5061977c84328abf"} fields: Document{{}} for class: class com.spring.printFlow.models.Customers in collection: customers
2024-03-07 22:03:40.700 [http-nio-8080-exec-8] DEBUG o.s.data.mongodb.core.MongoTemplate - findOne using query: { "_id" : "65e36dcc5061977c84328abf"} fields: Document{{}} for class: class com.spring.printFlow.models.Customers in collection: customers
2024-03-07 22:03:40.705 [http-nio-8080-exec-10] DEBUG o.s.data.mongodb.core.MongoTemplate - find using query: { "cusRefId" : "JFzxjhiT75LJDTR3pAnJ"} fields: Document{{}} for class: class com.spring.printFlow.models.File in collection: files
2024-03-07 22:03:40.717 [http-nio-8080-exec-4] DEBUG o.s.data.mongodb.core.MongoTemplate - find using query: { "cusRefId" : "JFzxjhiT75LJDTR3pAnJ"} fields: Document{{}} for class: class com.spring.printFlow.models.File in collection: files
2024-03-07 22:03:42.693 [http-nio-8080-exec-9] DEBUG o.s.data.mongodb.core.MongoTemplate - find using query: {} fields: Document{{}} for class: class com.spring.printFlow.models.User in collection: users
2024-03-07 22:03:42.694 [http-nio-8080-exec-5] DEBUG o.s.data.mongodb.core.MongoTemplate - find using query: {} fields: Document{{}} for class: class com.spring.printFlow.models.Customers in collection: customers
2024-03-07 22:03:44.618 [http-nio-8080-exec-5] DEBUG o.s.data.mongodb.core.MongoTemplate - findOne using query: { "_id" : "65e3217ff96e485b8fe868a4"} fields: Document{{}} for class: class com.spring.printFlow.models.Customers in collection: customers
2024-03-07 22:03:44.627 [http-nio-8080-exec-9] DEBUG o.s.data.mongodb.core.MongoTemplate - findOne using query: { "_id" : "65e3217ff96e485b8fe868a4"} fields: Document{{}} for class: class com.spring.printFlow.models.Customers in collection: customers
2024-03-07 22:03:44.629 [http-nio-8080-exec-2] DEBUG o.s.data.mongodb.core.MongoTemplate - find using query: { "cusRefId" : "TgGO0WthnyCfTVVzQ0J5"} fields: Document{{}} for class: class com.spring.printFlow.models.File in collection: files
2024-03-07 22:03:44.636 [http-nio-8080-exec-3] DEBUG o.s.data.mongodb.core.MongoTemplate - find using query: { "cusRefId" : "TgGO0WthnyCfTVVzQ0J5"} fields: Document{{}} for class: class com.spring.printFlow.models.File in collection: files
2024-03-08 08:31:58.708 [http-nio-8080-exec-9] DEBUG o.s.data.mongodb.core.MongoTemplate - find using query: {} fields: Document{{}} for class: class com.spring.printFlow.models.Customers in collection: customers
2024-03-08 08:31:58.718 [http-nio-8080-exec-2] DEBUG o.s.data.mongodb.core.MongoTemplate - find using query: {} fields: Document{{}} for class: class com.spring.printFlow.models.User in collection: users
2024-03-08 08:42:38.253 [http-nio-8080-exec-2] DEBUG o.s.data.mongodb.core.MongoTemplate - Inserting Document containing fields: [name, message, createdAt, _class] in collection: feedbacks
2024-03-08 08:49:59.750 [restartedMain] WARN  o.s.b.w.s.c.AnnotationConfigServletWebServerApplicationContext - Exception encountered during context initialization - cancelling refresh attempt: org.springframework.beans.factory.BeanCreationException: Error creating bean with name 'requestMappingHandlerMapping' defined in class path resource [org/springframework/boot/autoconfigure/web/servlet/WebMvcAutoConfiguration$EnableWebMvcConfiguration.class]: Ambiguous mapping. Cannot map 'viewController' method 
com.spring.printFlow.controllers.ViewController#feedback()
to {GET [/dashboard/settings]}: There is already 'viewController' bean method
com.spring.printFlow.controllers.ViewController#settings() mapped.
2024-03-08 08:49:59.838 [restartedMain] ERROR o.s.boot.SpringApplication - Application run failed
org.springframework.beans.factory.BeanCreationException: Error creating bean with name 'requestMappingHandlerMapping' defined in class path resource [org/springframework/boot/autoconfigure/web/servlet/WebMvcAutoConfiguration$EnableWebMvcConfiguration.class]: Ambiguous mapping. Cannot map 'viewController' method 
com.spring.printFlow.controllers.ViewController#feedback()
to {GET [/dashboard/settings]}: There is already 'viewController' bean method
com.spring.printFlow.controllers.ViewController#settings() mapped.
	at org.springframework.beans.factory.support.AbstractAutowireCapableBeanFactory.initializeBean(AbstractAutowireCapableBeanFactory.java:1786)
	at org.springframework.beans.factory.support.AbstractAutowireCapableBeanFactory.doCreateBean(AbstractAutowireCapableBeanFactory.java:600)
	at org.springframework.beans.factory.support.AbstractAutowireCapableBeanFactory.createBean(AbstractAutowireCapableBeanFactory.java:522)
	at org.springframework.beans.factory.support.AbstractBeanFactory.lambda$doGetBean$0(AbstractBeanFactory.java:325)
	at org.springframework.beans.factory.support.DefaultSingletonBeanRegistry.getSingleton(DefaultSingletonBeanRegistry.java:234)
	at org.springframework.beans.factory.support.AbstractBeanFactory.doGetBean(AbstractBeanFactory.java:323)
	at org.springframework.beans.factory.support.AbstractBeanFactory.getBean(AbstractBeanFactory.java:199)
	at org.springframework.beans.factory.support.DefaultListableBeanFactory.preInstantiateSingletons(DefaultListableBeanFactory.java:975)
	at org.springframework.context.support.AbstractApplicationContext.finishBeanFactoryInitialization(AbstractApplicationContext.java:959)
	at org.springframework.context.support.AbstractApplicationContext.refresh(AbstractApplicationContext.java:624)
	at org.springframework.boot.web.servlet.context.ServletWebServerApplicationContext.refresh(ServletWebServerApplicationContext.java:146)
	at org.springframework.boot.SpringApplication.refresh(SpringApplication.java:754)
	at org.springframework.boot.SpringApplication.refreshContext(SpringApplication.java:456)
	at org.springframework.boot.SpringApplication.run(SpringApplication.java:334)
	at org.springframework.boot.SpringApplication.run(SpringApplication.java:1354)
	at org.springframework.boot.SpringApplication.run(SpringApplication.java:1343)
	at com.spring.printFlow.PrintFlowApplication.main(PrintFlowApplication.java:18)
	at java.base/jdk.internal.reflect.DirectMethodHandleAccessor.invoke(DirectMethodHandleAccessor.java:103)
	at java.base/java.lang.reflect.Method.invoke(Method.java:580)
	at org.springframework.boot.devtools.restart.RestartLauncher.run(RestartLauncher.java:50)
Caused by: java.lang.IllegalStateException: Ambiguous mapping. Cannot map 'viewController' method 
com.spring.printFlow.controllers.ViewController#feedback()
to {GET [/dashboard/settings]}: There is already 'viewController' bean method
com.spring.printFlow.controllers.ViewController#settings() mapped.
	at org.springframework.web.servlet.handler.AbstractHandlerMethodMapping$MappingRegistry.validateMethodMapping(AbstractHandlerMethodMapping.java:672)
	at org.springframework.web.servlet.handler.AbstractHandlerMethodMapping$MappingRegistry.register(AbstractHandlerMethodMapping.java:634)
	at org.springframework.web.servlet.handler.AbstractHandlerMethodMapping.registerHandlerMethod(AbstractHandlerMethodMapping.java:331)
	at org.springframework.web.servlet.mvc.method.annotation.RequestMappingHandlerMapping.registerHandlerMethod(RequestMappingHandlerMapping.java:508)
	at org.springframework.web.servlet.mvc.method.annotation.RequestMappingHandlerMapping.registerHandlerMethod(RequestMappingHandlerMapping.java:84)
	at org.springframework.web.servlet.handler.AbstractHandlerMethodMapping.lambda$detectHandlerMethods$2(AbstractHandlerMethodMapping.java:298)
	at java.base/java.util.LinkedHashMap.forEach(LinkedHashMap.java:986)
	at org.springframework.web.servlet.handler.AbstractHandlerMethodMapping.detectHandlerMethods(AbstractHandlerMethodMapping.java:296)
	at org.springframework.web.servlet.handler.AbstractHandlerMethodMapping.processCandidateBean(AbstractHandlerMethodMapping.java:265)
	at org.springframework.web.servlet.handler.AbstractHandlerMethodMapping.initHandlerMethods(AbstractHandlerMethodMapping.java:224)
	at org.springframework.web.servlet.handler.AbstractHandlerMethodMapping.afterPropertiesSet(AbstractHandlerMethodMapping.java:212)
	at org.springframework.web.servlet.mvc.method.annotation.RequestMappingHandlerMapping.afterPropertiesSet(RequestMappingHandlerMapping.java:239)
	at org.springframework.beans.factory.support.AbstractAutowireCapableBeanFactory.invokeInitMethods(AbstractAutowireCapableBeanFactory.java:1833)
	at org.springframework.beans.factory.support.AbstractAutowireCapableBeanFactory.initializeBean(AbstractAutowireCapableBeanFactory.java:1782)
	... 19 common frames omitted
2024-03-08 08:50:16.525 [restartedMain] WARN  o.s.b.w.s.c.AnnotationConfigServletWebServerApplicationContext - Exception encountered during context initialization - cancelling refresh attempt: org.springframework.beans.factory.BeanCreationException: Error creating bean with name 'requestMappingHandlerMapping' defined in class path resource [org/springframework/boot/autoconfigure/web/servlet/WebMvcAutoConfiguration$EnableWebMvcConfiguration.class]: Ambiguous mapping. Cannot map 'viewController' method 
com.spring.printFlow.controllers.ViewController#feedback()
to {GET [/dashboard/settings]}: There is already 'viewController' bean method
com.spring.printFlow.controllers.ViewController#settings() mapped.
2024-03-08 08:50:16.559 [restartedMain] ERROR o.s.boot.SpringApplication - Application run failed
org.springframework.beans.factory.BeanCreationException: Error creating bean with name 'requestMappingHandlerMapping' defined in class path resource [org/springframework/boot/autoconfigure/web/servlet/WebMvcAutoConfiguration$EnableWebMvcConfiguration.class]: Ambiguous mapping. Cannot map 'viewController' method 
com.spring.printFlow.controllers.ViewController#feedback()
to {GET [/dashboard/settings]}: There is already 'viewController' bean method
com.spring.printFlow.controllers.ViewController#settings() mapped.
	at org.springframework.beans.factory.support.AbstractAutowireCapableBeanFactory.initializeBean(AbstractAutowireCapableBeanFactory.java:1786)
	at org.springframework.beans.factory.support.AbstractAutowireCapableBeanFactory.doCreateBean(AbstractAutowireCapableBeanFactory.java:600)
	at org.springframework.beans.factory.support.AbstractAutowireCapableBeanFactory.createBean(AbstractAutowireCapableBeanFactory.java:522)
	at org.springframework.beans.factory.support.AbstractBeanFactory.lambda$doGetBean$0(AbstractBeanFactory.java:325)
	at org.springframework.beans.factory.support.DefaultSingletonBeanRegistry.getSingleton(DefaultSingletonBeanRegistry.java:234)
	at org.springframework.beans.factory.support.AbstractBeanFactory.doGetBean(AbstractBeanFactory.java:323)
	at org.springframework.beans.factory.support.AbstractBeanFactory.getBean(AbstractBeanFactory.java:199)
	at org.springframework.beans.factory.support.DefaultListableBeanFactory.preInstantiateSingletons(DefaultListableBeanFactory.java:975)
	at org.springframework.context.support.AbstractApplicationContext.finishBeanFactoryInitialization(AbstractApplicationContext.java:959)
	at org.springframework.context.support.AbstractApplicationContext.refresh(AbstractApplicationContext.java:624)
	at org.springframework.boot.web.servlet.context.ServletWebServerApplicationContext.refresh(ServletWebServerApplicationContext.java:146)
	at org.springframework.boot.SpringApplication.refresh(SpringApplication.java:754)
	at org.springframework.boot.SpringApplication.refreshContext(SpringApplication.java:456)
	at org.springframework.boot.SpringApplication.run(SpringApplication.java:334)
	at org.springframework.boot.SpringApplication.run(SpringApplication.java:1354)
	at org.springframework.boot.SpringApplication.run(SpringApplication.java:1343)
	at com.spring.printFlow.PrintFlowApplication.main(PrintFlowApplication.java:18)
	at java.base/jdk.internal.reflect.DirectMethodHandleAccessor.invoke(DirectMethodHandleAccessor.java:103)
	at java.base/java.lang.reflect.Method.invoke(Method.java:580)
	at org.springframework.boot.devtools.restart.RestartLauncher.run(RestartLauncher.java:50)
Caused by: java.lang.IllegalStateException: Ambiguous mapping. Cannot map 'viewController' method 
com.spring.printFlow.controllers.ViewController#feedback()
to {GET [/dashboard/settings]}: There is already 'viewController' bean method
com.spring.printFlow.controllers.ViewController#settings() mapped.
	at org.springframework.web.servlet.handler.AbstractHandlerMethodMapping$MappingRegistry.validateMethodMapping(AbstractHandlerMethodMapping.java:672)
	at org.springframework.web.servlet.handler.AbstractHandlerMethodMapping$MappingRegistry.register(AbstractHandlerMethodMapping.java:634)
	at org.springframework.web.servlet.handler.AbstractHandlerMethodMapping.registerHandlerMethod(AbstractHandlerMethodMapping.java:331)
	at org.springframework.web.servlet.mvc.method.annotation.RequestMappingHandlerMapping.registerHandlerMethod(RequestMappingHandlerMapping.java:508)
	at org.springframework.web.servlet.mvc.method.annotation.RequestMappingHandlerMapping.registerHandlerMethod(RequestMappingHandlerMapping.java:84)
	at org.springframework.web.servlet.handler.AbstractHandlerMethodMapping.lambda$detectHandlerMethods$2(AbstractHandlerMethodMapping.java:298)
	at java.base/java.util.LinkedHashMap.forEach(LinkedHashMap.java:986)
	at org.springframework.web.servlet.handler.AbstractHandlerMethodMapping.detectHandlerMethods(AbstractHandlerMethodMapping.java:296)
	at org.springframework.web.servlet.handler.AbstractHandlerMethodMapping.processCandidateBean(AbstractHandlerMethodMapping.java:265)
	at org.springframework.web.servlet.handler.AbstractHandlerMethodMapping.initHandlerMethods(AbstractHandlerMethodMapping.java:224)
	at org.springframework.web.servlet.handler.AbstractHandlerMethodMapping.afterPropertiesSet(AbstractHandlerMethodMapping.java:212)
	at org.springframework.web.servlet.mvc.method.annotation.RequestMappingHandlerMapping.afterPropertiesSet(RequestMappingHandlerMapping.java:239)
	at org.springframework.beans.factory.support.AbstractAutowireCapableBeanFactory.invokeInitMethods(AbstractAutowireCapableBeanFactory.java:1833)
	at org.springframework.beans.factory.support.AbstractAutowireCapableBeanFactory.initializeBean(AbstractAutowireCapableBeanFactory.java:1782)
	... 19 common frames omitted
2024-03-08 08:51:36.685 [http-nio-8080-exec-2] DEBUG o.s.data.mongodb.core.MongoTemplate - find using query: {} fields: Document{{}} for class: class com.spring.printFlow.models.Customers in collection: customers
2024-03-08 08:51:36.688 [http-nio-8080-exec-4] DEBUG o.s.data.mongodb.core.MongoTemplate - find using query: {} fields: Document{{}} for class: class com.spring.printFlow.models.User in collection: users
2024-03-08 08:51:38.619 [http-nio-8080-exec-4] DEBUG o.s.data.mongodb.core.MongoTemplate - find using query: {} fields: Document{{}} for class: class com.spring.printFlow.models.Customers in collection: customers
2024-03-08 08:51:38.678 [http-nio-8080-exec-8] DEBUG o.s.data.mongodb.core.MongoTemplate - find using query: {} fields: Document{{}} for class: class com.spring.printFlow.models.User in collection: users
2024-03-08 08:56:29.618 [http-nio-8080-exec-6] DEBUG o.s.data.mongodb.core.MongoTemplate - find using query: {} fields: Document{{}} for class: class com.spring.printFlow.models.Customers in collection: customers
2024-03-08 08:56:29.629 [http-nio-8080-exec-9] DEBUG o.s.data.mongodb.core.MongoTemplate - find using query: {} fields: Document{{}} for class: class com.spring.printFlow.models.User in collection: users
2024-03-08 08:56:30.531 [http-nio-8080-exec-6] DEBUG o.s.data.mongodb.core.MongoTemplate - find using query: {} fields: Document{{}} for class: class com.spring.printFlow.models.Customers in collection: customers
2024-03-08 08:56:30.546 [http-nio-8080-exec-3] DEBUG o.s.data.mongodb.core.MongoTemplate - find using query: {} fields: Document{{}} for class: class com.spring.printFlow.models.User in collection: users
2024-03-08 08:56:30.694 [http-nio-8080-exec-6] DEBUG o.s.data.mongodb.core.MongoTemplate - find using query: {} fields: Document{{}} for class: class com.spring.printFlow.models.Customers in collection: customers
2024-03-08 08:56:30.709 [http-nio-8080-exec-7] DEBUG o.s.data.mongodb.core.MongoTemplate - find using query: {} fields: Document{{}} for class: class com.spring.printFlow.models.User in collection: users
2024-03-08 08:56:30.949 [http-nio-8080-exec-6] DEBUG o.s.data.mongodb.core.MongoTemplate - find using query: {} fields: Document{{}} for class: class com.spring.printFlow.models.Customers in collection: customers
2024-03-08 08:56:30.957 [http-nio-8080-exec-9] DEBUG o.s.data.mongodb.core.MongoTemplate - find using query: {} fields: Document{{}} for class: class com.spring.printFlow.models.User in collection: users
2024-03-08 08:56:31.179 [http-nio-8080-exec-6] DEBUG o.s.data.mongodb.core.MongoTemplate - find using query: {} fields: Document{{}} for class: class com.spring.printFlow.models.Customers in collection: customers
2024-03-08 08:56:31.196 [http-nio-8080-exec-3] DEBUG o.s.data.mongodb.core.MongoTemplate - find using query: {} fields: Document{{}} for class: class com.spring.printFlow.models.User in collection: users
2024-03-08 08:56:31.381 [http-nio-8080-exec-6] DEBUG o.s.data.mongodb.core.MongoTemplate - find using query: {} fields: Document{{}} for class: class com.spring.printFlow.models.Customers in collection: customers
2024-03-08 08:56:31.388 [http-nio-8080-exec-9] DEBUG o.s.data.mongodb.core.MongoTemplate - find using query: {} fields: Document{{}} for class: class com.spring.printFlow.models.User in collection: users
2024-03-08 08:56:31.544 [http-nio-8080-exec-6] DEBUG o.s.data.mongodb.core.MongoTemplate - find using query: {} fields: Document{{}} for class: class com.spring.printFlow.models.Customers in collection: customers
2024-03-08 08:56:31.562 [http-nio-8080-exec-7] DEBUG o.s.data.mongodb.core.MongoTemplate - find using query: {} fields: Document{{}} for class: class com.spring.printFlow.models.User in collection: users
2024-03-08 08:56:31.747 [http-nio-8080-exec-6] DEBUG o.s.data.mongodb.core.MongoTemplate - find using query: {} fields: Document{{}} for class: class com.spring.printFlow.models.Customers in collection: customers
2024-03-08 08:56:31.766 [http-nio-8080-exec-7] DEBUG o.s.data.mongodb.core.MongoTemplate - find using query: {} fields: Document{{}} for class: class com.spring.printFlow.models.User in collection: users
2024-03-08 08:56:31.995 [http-nio-8080-exec-6] DEBUG o.s.data.mongodb.core.MongoTemplate - find using query: {} fields: Document{{}} for class: class com.spring.printFlow.models.Customers in collection: customers
2024-03-08 08:56:32.001 [http-nio-8080-exec-9] DEBUG o.s.data.mongodb.core.MongoTemplate - find using query: {} fields: Document{{}} for class: class com.spring.printFlow.models.User in collection: users
2024-03-08 08:56:32.146 [http-nio-8080-exec-6] DEBUG o.s.data.mongodb.core.MongoTemplate - find using query: {} fields: Document{{}} for class: class com.spring.printFlow.models.Customers in collection: customers
2024-03-08 08:56:32.169 [http-nio-8080-exec-3] DEBUG o.s.data.mongodb.core.MongoTemplate - find using query: {} fields: Document{{}} for class: class com.spring.printFlow.models.User in collection: users
2024-03-09 08:51:25.264 [http-nio-8080-exec-2] DEBUG o.s.data.mongodb.core.MongoTemplate - find using query: {} fields: Document{{}} for class: class com.spring.printFlow.models.Customers in collection: customers
2024-03-09 08:51:25.278 [http-nio-8080-exec-1] DEBUG o.s.data.mongodb.core.MongoTemplate - find using query: {} fields: Document{{}} for class: class com.spring.printFlow.models.User in collection: users
2024-03-09 08:51:28.142 [http-nio-8080-exec-2] DEBUG o.s.data.mongodb.core.MongoTemplate - findOne using query: { "_id" : "65e36dcc5061977c84328abf"} fields: Document{{}} for class: class com.spring.printFlow.models.Customers in collection: customers
2024-03-09 08:51:28.175 [http-nio-8080-exec-10] DEBUG o.s.data.mongodb.core.MongoTemplate - findOne using query: { "_id" : "65e36dcc5061977c84328abf"} fields: Document{{}} for class: class com.spring.printFlow.models.Customers in collection: customers
2024-03-09 08:51:28.223 [http-nio-8080-exec-7] DEBUG o.s.data.mongodb.core.MongoTemplate - find using query: { "cusRefId" : "JFzxjhiT75LJDTR3pAnJ"} fields: Document{{}} for class: class com.spring.printFlow.models.File in collection: files
2024-03-09 08:51:28.273 [http-nio-8080-exec-8] DEBUG o.s.data.mongodb.core.MongoTemplate - find using query: { "cusRefId" : "JFzxjhiT75LJDTR3pAnJ"} fields: Document{{}} for class: class com.spring.printFlow.models.File in collection: files
2024-03-09 08:51:32.231 [http-nio-8080-exec-4] DEBUG o.s.data.mongodb.core.MongoTemplate - findOne using query: { "_id" : "65d134da483ef102965ac469"} fields: Document{{}} for class: class com.spring.printFlow.models.Customers in collection: customers
2024-03-09 08:51:32.250 [http-nio-8080-exec-9] DEBUG o.s.data.mongodb.core.MongoTemplate - findOne using query: { "_id" : "65d134da483ef102965ac469"} fields: Document{{}} for class: class com.spring.printFlow.models.Customers in collection: customers
2024-03-09 08:51:32.272 [http-nio-8080-exec-1] DEBUG o.s.data.mongodb.core.MongoTemplate - find using query: { "cusRefId" : "3433"} fields: Document{{}} for class: class com.spring.printFlow.models.File in collection: files
2024-03-09 08:51:32.288 [http-nio-8080-exec-2] DEBUG o.s.data.mongodb.core.MongoTemplate - find using query: { "cusRefId" : "3433"} fields: Document{{}} for class: class com.spring.printFlow.models.File in collection: files
2024-03-09 08:51:35.681 [http-nio-8080-exec-8] DEBUG o.s.data.mongodb.core.MongoTemplate - findOne using query: { "_id" : "65e3217ff96e485b8fe868a4"} fields: Document{{}} for class: class com.spring.printFlow.models.Customers in collection: customers
2024-03-09 08:51:35.689 [http-nio-8080-exec-5] DEBUG o.s.data.mongodb.core.MongoTemplate - findOne using query: { "_id" : "65e3217ff96e485b8fe868a4"} fields: Document{{}} for class: class com.spring.printFlow.models.Customers in collection: customers
2024-03-09 08:51:35.732 [http-nio-8080-exec-6] DEBUG o.s.data.mongodb.core.MongoTemplate - find using query: { "cusRefId" : "TgGO0WthnyCfTVVzQ0J5"} fields: Document{{}} for class: class com.spring.printFlow.models.File in collection: files
2024-03-09 08:51:35.746 [http-nio-8080-exec-3] DEBUG o.s.data.mongodb.core.MongoTemplate - find using query: { "cusRefId" : "TgGO0WthnyCfTVVzQ0J5"} fields: Document{{}} for class: class com.spring.printFlow.models.File in collection: files
